<?xml version="1.0" encoding="UTF-8"?>
<!DOCTYPE mapper PUBLIC "-//mybatis.org//DTD Mapper 3.0//EN" "http://mybatis.org/dtd/mybatis-3-mapper.dtd">
<mapper namespace="test">
	<select id="test" resultType="userDTO">
		select * from user
	</select>
	
	<select id="findByUsername" resultType="userDTO">
		select * from user
		where login_id = #{username}
	</select>
	
	<insert id="join" parameterType="userDTO">
		insert into user(login_id, password, username)
		values (#{login_id}, #{password}, #{username})
	</insert>
</mapper>